<?xml version="1.0" encoding="UTF-8"?>
<testsuite xmlns:xsi="http://www.w3.org/2001/XMLSchema-instance" xsi:noNamespaceSchemaLocation="https://maven.apache.org/surefire/maven-surefire-plugin/xsd/surefire-test-report-3.0.xsd" version="3.0" name="com.ams.worknest.UserControllerTest" time="5.997" tests="1" errors="0" skipped="0" failures="0">
  <properties>
    <property name="java.specification.version" value="21"/>
    <property name="sun.jnu.encoding" value="UTF-8"/>
    <property name="java.class.path" value="/Users/federicosalvo/Desktop/WorkNest/worknest-service/target/test-classes:/Users/federicosalvo/Desktop/WorkNest/worknest-service/target/classes:/Users/federicosalvo/.m2/repository/org/springframework/boot/spring-boot-starter-data-jpa/3.2.3/spring-boot-starter-data-jpa-3.2.3.jar:/Users/federicosalvo/.m2/repository/org/springframework/boot/spring-boot-starter-aop/3.2.3/spring-boot-starter-aop-3.2.3.jar:/Users/federicosalvo/.m2/repository/org/springframework/spring-aop/6.1.4/spring-aop-6.1.4.jar:/Users/federicosalvo/.m2/repository/org/aspectj/aspectjweaver/1.9.21/aspectjweaver-1.9.21.jar:/Users/federicosalvo/.m2/repository/org/springframework/boot/spring-boot-starter-jdbc/3.2.3/spring-boot-starter-jdbc-3.2.3.jar:/Users/federicosalvo/.m2/repository/com/zaxxer/HikariCP/5.0.1/HikariCP-5.0.1.jar:/Users/federicosalvo/.m2/repository/org/springframework/spring-jdbc/6.1.4/spring-jdbc-6.1.4.jar:/Users/federicosalvo/.m2/repository/org/hibernate/orm/hibernate-core/6.4.4.Final/hibernate-core-6.4.4.Final.jar:/Users/federicosalvo/.m2/repository/jakarta/persistence/jakarta.persistence-api/3.1.0/jakarta.persistence-api-3.1.0.jar:/Users/federicosalvo/.m2/repository/jakarta/transaction/jakarta.transaction-api/2.0.1/jakarta.transaction-api-2.0.1.jar:/Users/federicosalvo/.m2/repository/org/jboss/logging/jboss-logging/3.5.3.Final/jboss-logging-3.5.3.Final.jar:/Users/federicosalvo/.m2/repository/org/hibernate/common/hibernate-commons-annotations/6.0.6.Final/hibernate-commons-annotations-6.0.6.Final.jar:/Users/federicosalvo/.m2/repository/io/smallrye/jandex/3.1.2/jandex-3.1.2.jar:/Users/federicosalvo/.m2/repository/com/fasterxml/classmate/1.6.0/classmate-1.6.0.jar:/Users/federicosalvo/.m2/repository/net/bytebuddy/byte-buddy/1.14.12/byte-buddy-1.14.12.jar:/Users/federicosalvo/.m2/repository/org/glassfish/jaxb/jaxb-runtime/4.0.4/jaxb-runtime-4.0.4.jar:/Users/federicosalvo/.m2/repository/org/glassfish/jaxb/jaxb-core/4.0.4/jaxb-core-4.0.4.jar:/Users/federicosalvo/.m2/repository/org/eclipse/angus/angus-activation/2.0.1/angus-activation-2.0.1.jar:/Users/federicosalvo/.m2/repository/org/glassfish/jaxb/txw2/4.0.4/txw2-4.0.4.jar:/Users/federicosalvo/.m2/repository/com/sun/istack/istack-commons-runtime/4.1.2/istack-commons-runtime-4.1.2.jar:/Users/federicosalvo/.m2/repository/jakarta/inject/jakarta.inject-api/2.0.1/jakarta.inject-api-2.0.1.jar:/Users/federicosalvo/.m2/repository/org/antlr/antlr4-runtime/4.13.0/antlr4-runtime-4.13.0.jar:/Users/federicosalvo/.m2/repository/org/springframework/data/spring-data-jpa/3.2.3/spring-data-jpa-3.2.3.jar:/Users/federicosalvo/.m2/repository/org/springframework/data/spring-data-commons/3.2.3/spring-data-commons-3.2.3.jar:/Users/federicosalvo/.m2/repository/org/springframework/spring-orm/6.1.4/spring-orm-6.1.4.jar:/Users/federicosalvo/.m2/repository/org/springframework/spring-tx/6.1.4/spring-tx-6.1.4.jar:/Users/federicosalvo/.m2/repository/org/springframework/spring-beans/6.1.4/spring-beans-6.1.4.jar:/Users/federicosalvo/.m2/repository/jakarta/annotation/jakarta.annotation-api/2.1.1/jakarta.annotation-api-2.1.1.jar:/Users/federicosalvo/.m2/repository/org/slf4j/slf4j-api/2.0.12/slf4j-api-2.0.12.jar:/Users/federicosalvo/.m2/repository/org/springframework/spring-aspects/6.1.4/spring-aspects-6.1.4.jar:/Users/federicosalvo/.m2/repository/org/springframework/boot/spring-boot-starter-web/3.2.3/spring-boot-starter-web-3.2.3.jar:/Users/federicosalvo/.m2/repository/org/springframework/boot/spring-boot-starter/3.2.3/spring-boot-starter-3.2.3.jar:/Users/federicosalvo/.m2/repository/org/springframework/boot/spring-boot-starter-logging/3.2.3/spring-boot-starter-logging-3.2.3.jar:/Users/federicosalvo/.m2/repository/org/apache/logging/log4j/log4j-to-slf4j/2.21.1/log4j-to-slf4j-2.21.1.jar:/Users/federicosalvo/.m2/repository/org/apache/logging/log4j/log4j-api/2.21.1/log4j-api-2.21.1.jar:/Users/federicosalvo/.m2/repository/org/slf4j/jul-to-slf4j/2.0.12/jul-to-slf4j-2.0.12.jar:/Users/federicosalvo/.m2/repository/org/yaml/snakeyaml/2.2/snakeyaml-2.2.jar:/Users/federicosalvo/.m2/repository/org/springframework/boot/spring-boot-starter-json/3.2.3/spring-boot-starter-json-3.2.3.jar:/Users/federicosalvo/.m2/repository/com/fasterxml/jackson/core/jackson-databind/2.15.4/jackson-databind-2.15.4.jar:/Users/federicosalvo/.m2/repository/com/fasterxml/jackson/core/jackson-annotations/2.15.4/jackson-annotations-2.15.4.jar:/Users/federicosalvo/.m2/repository/com/fasterxml/jackson/datatype/jackson-datatype-jdk8/2.15.4/jackson-datatype-jdk8-2.15.4.jar:/Users/federicosalvo/.m2/repository/com/fasterxml/jackson/datatype/jackson-datatype-jsr310/2.15.4/jackson-datatype-jsr310-2.15.4.jar:/Users/federicosalvo/.m2/repository/com/fasterxml/jackson/module/jackson-module-parameter-names/2.15.4/jackson-module-parameter-names-2.15.4.jar:/Users/federicosalvo/.m2/repository/org/springframework/boot/spring-boot-starter-tomcat/3.2.3/spring-boot-starter-tomcat-3.2.3.jar:/Users/federicosalvo/.m2/repository/org/apache/tomcat/embed/tomcat-embed-core/10.1.19/tomcat-embed-core-10.1.19.jar:/Users/federicosalvo/.m2/repository/org/apache/tomcat/embed/tomcat-embed-el/10.1.19/tomcat-embed-el-10.1.19.jar:/Users/federicosalvo/.m2/repository/org/apache/tomcat/embed/tomcat-embed-websocket/10.1.19/tomcat-embed-websocket-10.1.19.jar:/Users/federicosalvo/.m2/repository/org/springframework/spring-web/6.1.4/spring-web-6.1.4.jar:/Users/federicosalvo/.m2/repository/io/micrometer/micrometer-observation/1.12.3/micrometer-observation-1.12.3.jar:/Users/federicosalvo/.m2/repository/io/micrometer/micrometer-commons/1.12.3/micrometer-commons-1.12.3.jar:/Users/federicosalvo/.m2/repository/org/springframework/spring-webmvc/6.1.4/spring-webmvc-6.1.4.jar:/Users/federicosalvo/.m2/repository/org/springframework/spring-expression/6.1.4/spring-expression-6.1.4.jar:/Users/federicosalvo/.m2/repository/org/springframework/boot/spring-boot-devtools/3.2.3/spring-boot-devtools-3.2.3.jar:/Users/federicosalvo/.m2/repository/org/springframework/boot/spring-boot/3.2.3/spring-boot-3.2.3.jar:/Users/federicosalvo/.m2/repository/org/postgresql/postgresql/42.6.1/postgresql-42.6.1.jar:/Users/federicosalvo/.m2/repository/org/checkerframework/checker-qual/3.31.0/checker-qual-3.31.0.jar:/Users/federicosalvo/.m2/repository/io/zonky/test/embedded-database-spring-test/2.5.0/embedded-database-spring-test-2.5.0.jar:/Users/federicosalvo/.m2/repository/io/zonky/test/embedded-database-spring-test-autoconfigure/2.5.0/embedded-database-spring-test-autoconfigure-2.5.0.jar:/Users/federicosalvo/.m2/repository/org/testcontainers/postgresql/1.19.5/postgresql-1.19.5.jar:/Users/federicosalvo/.m2/repository/org/testcontainers/jdbc/1.19.5/jdbc-1.19.5.jar:/Users/federicosalvo/.m2/repository/org/testcontainers/database-commons/1.19.5/database-commons-1.19.5.jar:/Users/federicosalvo/.m2/repository/org/testcontainers/testcontainers/1.19.5/testcontainers-1.19.5.jar:/Users/federicosalvo/.m2/repository/junit/junit/4.13.2/junit-4.13.2.jar:/Users/federicosalvo/.m2/repository/org/hamcrest/hamcrest-core/2.2/hamcrest-core-2.2.jar:/Users/federicosalvo/.m2/repository/org/apache/commons/commons-compress/1.24.0/commons-compress-1.24.0.jar:/Users/federicosalvo/.m2/repository/org/rnorth/duct-tape/duct-tape/1.0.8/duct-tape-1.0.8.jar:/Users/federicosalvo/.m2/repository/org/jetbrains/annotations/17.0.0/annotations-17.0.0.jar:/Users/federicosalvo/.m2/repository/com/github/docker-java/docker-java-api/3.3.4/docker-java-api-3.3.4.jar:/Users/federicosalvo/.m2/repository/com/github/docker-java/docker-java-transport-zerodep/3.3.4/docker-java-transport-zerodep-3.3.4.jar:/Users/federicosalvo/.m2/repository/com/github/docker-java/docker-java-transport/3.3.4/docker-java-transport-3.3.4.jar:/Users/federicosalvo/.m2/repository/net/java/dev/jna/jna/5.13.0/jna-5.13.0.jar:/Users/federicosalvo/.m2/repository/org/testcontainers/mssqlserver/1.19.5/mssqlserver-1.19.5.jar:/Users/federicosalvo/.m2/repository/org/testcontainers/mysql/1.19.5/mysql-1.19.5.jar:/Users/federicosalvo/.m2/repository/org/testcontainers/mariadb/1.19.5/mariadb-1.19.5.jar:/Users/federicosalvo/.m2/repository/org/springframework/spring-context/6.1.4/spring-context-6.1.4.jar:/Users/federicosalvo/.m2/repository/org/springframework/spring-test/6.1.4/spring-test-6.1.4.jar:/Users/federicosalvo/.m2/repository/com/cedarsoftware/java-util/1.68.0/java-util-1.68.0.jar:/Users/federicosalvo/.m2/repository/ch/qos/logback/logback-classic/1.4.14/logback-classic-1.4.14.jar:/Users/federicosalvo/.m2/repository/ch/qos/logback/logback-core/1.4.14/logback-core-1.4.14.jar:/Users/federicosalvo/.m2/repository/org/projectlombok/lombok/1.18.30/lombok-1.18.30.jar:/Users/federicosalvo/.m2/repository/org/flywaydb/flyway-core/9.22.3/flyway-core-9.22.3.jar:/Users/federicosalvo/.m2/repository/com/fasterxml/jackson/dataformat/jackson-dataformat-toml/2.15.4/jackson-dataformat-toml-2.15.4.jar:/Users/federicosalvo/.m2/repository/com/fasterxml/jackson/core/jackson-core/2.15.4/jackson-core-2.15.4.jar:/Users/federicosalvo/.m2/repository/com/google/code/gson/gson/2.10.1/gson-2.10.1.jar:/Users/federicosalvo/.m2/repository/org/springframework/boot/spring-boot-starter-test/3.2.3/spring-boot-starter-test-3.2.3.jar:/Users/federicosalvo/.m2/repository/org/springframework/boot/spring-boot-test/3.2.3/spring-boot-test-3.2.3.jar:/Users/federicosalvo/.m2/repository/org/springframework/boot/spring-boot-test-autoconfigure/3.2.3/spring-boot-test-autoconfigure-3.2.3.jar:/Users/federicosalvo/.m2/repository/com/jayway/jsonpath/json-path/2.9.0/json-path-2.9.0.jar:/Users/federicosalvo/.m2/repository/jakarta/xml/bind/jakarta.xml.bind-api/4.0.1/jakarta.xml.bind-api-4.0.1.jar:/Users/federicosalvo/.m2/repository/jakarta/activation/jakarta.activation-api/2.1.2/jakarta.activation-api-2.1.2.jar:/Users/federicosalvo/.m2/repository/net/minidev/json-smart/2.5.0/json-smart-2.5.0.jar:/Users/federicosalvo/.m2/repository/net/minidev/accessors-smart/2.5.0/accessors-smart-2.5.0.jar:/Users/federicosalvo/.m2/repository/org/ow2/asm/asm/9.3/asm-9.3.jar:/Users/federicosalvo/.m2/repository/org/assertj/assertj-core/3.24.2/assertj-core-3.24.2.jar:/Users/federicosalvo/.m2/repository/org/awaitility/awaitility/4.2.0/awaitility-4.2.0.jar:/Users/federicosalvo/.m2/repository/org/hamcrest/hamcrest/2.2/hamcrest-2.2.jar:/Users/federicosalvo/.m2/repository/org/junit/jupiter/junit-jupiter/5.10.2/junit-jupiter-5.10.2.jar:/Users/federicosalvo/.m2/repository/org/junit/jupiter/junit-jupiter-api/5.10.2/junit-jupiter-api-5.10.2.jar:/Users/federicosalvo/.m2/repository/org/opentest4j/opentest4j/1.3.0/opentest4j-1.3.0.jar:/Users/federicosalvo/.m2/repository/org/junit/platform/junit-platform-commons/1.10.2/junit-platform-commons-1.10.2.jar:/Users/federicosalvo/.m2/repository/org/apiguardian/apiguardian-api/1.1.2/apiguardian-api-1.1.2.jar:/Users/federicosalvo/.m2/repository/org/junit/jupiter/junit-jupiter-params/5.10.2/junit-jupiter-params-5.10.2.jar:/Users/federicosalvo/.m2/repository/org/junit/jupiter/junit-jupiter-engine/5.10.2/junit-jupiter-engine-5.10.2.jar:/Users/federicosalvo/.m2/repository/org/junit/platform/junit-platform-engine/1.10.2/junit-platform-engine-1.10.2.jar:/Users/federicosalvo/.m2/repository/org/mockito/mockito-core/5.7.0/mockito-core-5.7.0.jar:/Users/federicosalvo/.m2/repository/net/bytebuddy/byte-buddy-agent/1.14.12/byte-buddy-agent-1.14.12.jar:/Users/federicosalvo/.m2/repository/org/objenesis/objenesis/3.3/objenesis-3.3.jar:/Users/federicosalvo/.m2/repository/org/mockito/mockito-junit-jupiter/5.7.0/mockito-junit-jupiter-5.7.0.jar:/Users/federicosalvo/.m2/repository/org/skyscreamer/jsonassert/1.5.1/jsonassert-1.5.1.jar:/Users/federicosalvo/.m2/repository/com/vaadin/external/google/android-json/0.0.20131108.vaadin1/android-json-0.0.20131108.vaadin1.jar:/Users/federicosalvo/.m2/repository/org/springframework/spring-core/6.1.4/spring-core-6.1.4.jar:/Users/federicosalvo/.m2/repository/org/springframework/spring-jcl/6.1.4/spring-jcl-6.1.4.jar:/Users/federicosalvo/.m2/repository/org/xmlunit/xmlunit-core/2.9.1/xmlunit-core-2.9.1.jar:/Users/federicosalvo/.m2/repository/org/springframework/boot/spring-boot-autoconfigure/3.2.3/spring-boot-autoconfigure-3.2.3.jar:"/>
    <property name="java.vm.vendor" value="Homebrew"/>
    <property name="sun.arch.data.model" value="64"/>
    <property name="catalina.useNaming" value="false"/>
    <property name="java.vendor.url" value="https://github.com/Homebrew/homebrew-core/issues"/>
    <property name="user.timezone" value="Europe/Rome"/>
    <property name="org.jboss.logging.provider" value="slf4j"/>
    <property name="os.name" value="Mac OS X"/>
    <property name="java.vm.specification.version" value="21"/>
    <property name="sun.java.launcher" value="SUN_STANDARD"/>
    <property name="user.country" value="IT"/>
    <property name="sun.boot.library.path" value="/opt/homebrew/Cellar/openjdk/21.0.2/libexec/openjdk.jdk/Contents/Home/lib"/>
    <property name="sun.java.command" value="/Users/federicosalvo/Desktop/WorkNest/worknest-service/target/surefire/surefirebooter-20240329164749424_3.jar /Users/federicosalvo/Desktop/WorkNest/worknest-service/target/surefire 2024-03-29T16-47-48_819-jvmRun1 surefire-20240329164749424_1tmp surefire_0-20240329164749424_2tmp"/>
    <property name="http.nonProxyHosts" value="local|*.local|169.254/16|*.169.254/16"/>
    <property name="jdk.debug" value="release"/>
    <property name="surefire.test.class.path" value="/Users/federicosalvo/Desktop/WorkNest/worknest-service/target/test-classes:/Users/federicosalvo/Desktop/WorkNest/worknest-service/target/classes:/Users/federicosalvo/.m2/repository/org/springframework/boot/spring-boot-starter-data-jpa/3.2.3/spring-boot-starter-data-jpa-3.2.3.jar:/Users/federicosalvo/.m2/repository/org/springframework/boot/spring-boot-starter-aop/3.2.3/spring-boot-starter-aop-3.2.3.jar:/Users/federicosalvo/.m2/repository/org/springframework/spring-aop/6.1.4/spring-aop-6.1.4.jar:/Users/federicosalvo/.m2/repository/org/aspectj/aspectjweaver/1.9.21/aspectjweaver-1.9.21.jar:/Users/federicosalvo/.m2/repository/org/springframework/boot/spring-boot-starter-jdbc/3.2.3/spring-boot-starter-jdbc-3.2.3.jar:/Users/federicosalvo/.m2/repository/com/zaxxer/HikariCP/5.0.1/HikariCP-5.0.1.jar:/Users/federicosalvo/.m2/repository/org/springframework/spring-jdbc/6.1.4/spring-jdbc-6.1.4.jar:/Users/federicosalvo/.m2/repository/org/hibernate/orm/hibernate-core/6.4.4.Final/hibernate-core-6.4.4.Final.jar:/Users/federicosalvo/.m2/repository/jakarta/persistence/jakarta.persistence-api/3.1.0/jakarta.persistence-api-3.1.0.jar:/Users/federicosalvo/.m2/repository/jakarta/transaction/jakarta.transaction-api/2.0.1/jakarta.transaction-api-2.0.1.jar:/Users/federicosalvo/.m2/repository/org/jboss/logging/jboss-logging/3.5.3.Final/jboss-logging-3.5.3.Final.jar:/Users/federicosalvo/.m2/repository/org/hibernate/common/hibernate-commons-annotations/6.0.6.Final/hibernate-commons-annotations-6.0.6.Final.jar:/Users/federicosalvo/.m2/repository/io/smallrye/jandex/3.1.2/jandex-3.1.2.jar:/Users/federicosalvo/.m2/repository/com/fasterxml/classmate/1.6.0/classmate-1.6.0.jar:/Users/federicosalvo/.m2/repository/net/bytebuddy/byte-buddy/1.14.12/byte-buddy-1.14.12.jar:/Users/federicosalvo/.m2/repository/org/glassfish/jaxb/jaxb-runtime/4.0.4/jaxb-runtime-4.0.4.jar:/Users/federicosalvo/.m2/repository/org/glassfish/jaxb/jaxb-core/4.0.4/jaxb-core-4.0.4.jar:/Users/federicosalvo/.m2/repository/org/eclipse/angus/angus-activation/2.0.1/angus-activation-2.0.1.jar:/Users/federicosalvo/.m2/repository/org/glassfish/jaxb/txw2/4.0.4/txw2-4.0.4.jar:/Users/federicosalvo/.m2/repository/com/sun/istack/istack-commons-runtime/4.1.2/istack-commons-runtime-4.1.2.jar:/Users/federicosalvo/.m2/repository/jakarta/inject/jakarta.inject-api/2.0.1/jakarta.inject-api-2.0.1.jar:/Users/federicosalvo/.m2/repository/org/antlr/antlr4-runtime/4.13.0/antlr4-runtime-4.13.0.jar:/Users/federicosalvo/.m2/repository/org/springframework/data/spring-data-jpa/3.2.3/spring-data-jpa-3.2.3.jar:/Users/federicosalvo/.m2/repository/org/springframework/data/spring-data-commons/3.2.3/spring-data-commons-3.2.3.jar:/Users/federicosalvo/.m2/repository/org/springframework/spring-orm/6.1.4/spring-orm-6.1.4.jar:/Users/federicosalvo/.m2/repository/org/springframework/spring-tx/6.1.4/spring-tx-6.1.4.jar:/Users/federicosalvo/.m2/repository/org/springframework/spring-beans/6.1.4/spring-beans-6.1.4.jar:/Users/federicosalvo/.m2/repository/jakarta/annotation/jakarta.annotation-api/2.1.1/jakarta.annotation-api-2.1.1.jar:/Users/federicosalvo/.m2/repository/org/slf4j/slf4j-api/2.0.12/slf4j-api-2.0.12.jar:/Users/federicosalvo/.m2/repository/org/springframework/spring-aspects/6.1.4/spring-aspects-6.1.4.jar:/Users/federicosalvo/.m2/repository/org/springframework/boot/spring-boot-starter-web/3.2.3/spring-boot-starter-web-3.2.3.jar:/Users/federicosalvo/.m2/repository/org/springframework/boot/spring-boot-starter/3.2.3/spring-boot-starter-3.2.3.jar:/Users/federicosalvo/.m2/repository/org/springframework/boot/spring-boot-starter-logging/3.2.3/spring-boot-starter-logging-3.2.3.jar:/Users/federicosalvo/.m2/repository/org/apache/logging/log4j/log4j-to-slf4j/2.21.1/log4j-to-slf4j-2.21.1.jar:/Users/federicosalvo/.m2/repository/org/apache/logging/log4j/log4j-api/2.21.1/log4j-api-2.21.1.jar:/Users/federicosalvo/.m2/repository/org/slf4j/jul-to-slf4j/2.0.12/jul-to-slf4j-2.0.12.jar:/Users/federicosalvo/.m2/repository/org/yaml/snakeyaml/2.2/snakeyaml-2.2.jar:/Users/federicosalvo/.m2/repository/org/springframework/boot/spring-boot-starter-json/3.2.3/spring-boot-starter-json-3.2.3.jar:/Users/federicosalvo/.m2/repository/com/fasterxml/jackson/core/jackson-databind/2.15.4/jackson-databind-2.15.4.jar:/Users/federicosalvo/.m2/repository/com/fasterxml/jackson/core/jackson-annotations/2.15.4/jackson-annotations-2.15.4.jar:/Users/federicosalvo/.m2/repository/com/fasterxml/jackson/datatype/jackson-datatype-jdk8/2.15.4/jackson-datatype-jdk8-2.15.4.jar:/Users/federicosalvo/.m2/repository/com/fasterxml/jackson/datatype/jackson-datatype-jsr310/2.15.4/jackson-datatype-jsr310-2.15.4.jar:/Users/federicosalvo/.m2/repository/com/fasterxml/jackson/module/jackson-module-parameter-names/2.15.4/jackson-module-parameter-names-2.15.4.jar:/Users/federicosalvo/.m2/repository/org/springframework/boot/spring-boot-starter-tomcat/3.2.3/spring-boot-starter-tomcat-3.2.3.jar:/Users/federicosalvo/.m2/repository/org/apache/tomcat/embed/tomcat-embed-core/10.1.19/tomcat-embed-core-10.1.19.jar:/Users/federicosalvo/.m2/repository/org/apache/tomcat/embed/tomcat-embed-el/10.1.19/tomcat-embed-el-10.1.19.jar:/Users/federicosalvo/.m2/repository/org/apache/tomcat/embed/tomcat-embed-websocket/10.1.19/tomcat-embed-websocket-10.1.19.jar:/Users/federicosalvo/.m2/repository/org/springframework/spring-web/6.1.4/spring-web-6.1.4.jar:/Users/federicosalvo/.m2/repository/io/micrometer/micrometer-observation/1.12.3/micrometer-observation-1.12.3.jar:/Users/federicosalvo/.m2/repository/io/micrometer/micrometer-commons/1.12.3/micrometer-commons-1.12.3.jar:/Users/federicosalvo/.m2/repository/org/springframework/spring-webmvc/6.1.4/spring-webmvc-6.1.4.jar:/Users/federicosalvo/.m2/repository/org/springframework/spring-expression/6.1.4/spring-expression-6.1.4.jar:/Users/federicosalvo/.m2/repository/org/springframework/boot/spring-boot-devtools/3.2.3/spring-boot-devtools-3.2.3.jar:/Users/federicosalvo/.m2/repository/org/springframework/boot/spring-boot/3.2.3/spring-boot-3.2.3.jar:/Users/federicosalvo/.m2/repository/org/postgresql/postgresql/42.6.1/postgresql-42.6.1.jar:/Users/federicosalvo/.m2/repository/org/checkerframework/checker-qual/3.31.0/checker-qual-3.31.0.jar:/Users/federicosalvo/.m2/repository/io/zonky/test/embedded-database-spring-test/2.5.0/embedded-database-spring-test-2.5.0.jar:/Users/federicosalvo/.m2/repository/io/zonky/test/embedded-database-spring-test-autoconfigure/2.5.0/embedded-database-spring-test-autoconfigure-2.5.0.jar:/Users/federicosalvo/.m2/repository/org/testcontainers/postgresql/1.19.5/postgresql-1.19.5.jar:/Users/federicosalvo/.m2/repository/org/testcontainers/jdbc/1.19.5/jdbc-1.19.5.jar:/Users/federicosalvo/.m2/repository/org/testcontainers/database-commons/1.19.5/database-commons-1.19.5.jar:/Users/federicosalvo/.m2/repository/org/testcontainers/testcontainers/1.19.5/testcontainers-1.19.5.jar:/Users/federicosalvo/.m2/repository/junit/junit/4.13.2/junit-4.13.2.jar:/Users/federicosalvo/.m2/repository/org/hamcrest/hamcrest-core/2.2/hamcrest-core-2.2.jar:/Users/federicosalvo/.m2/repository/org/apache/commons/commons-compress/1.24.0/commons-compress-1.24.0.jar:/Users/federicosalvo/.m2/repository/org/rnorth/duct-tape/duct-tape/1.0.8/duct-tape-1.0.8.jar:/Users/federicosalvo/.m2/repository/org/jetbrains/annotations/17.0.0/annotations-17.0.0.jar:/Users/federicosalvo/.m2/repository/com/github/docker-java/docker-java-api/3.3.4/docker-java-api-3.3.4.jar:/Users/federicosalvo/.m2/repository/com/github/docker-java/docker-java-transport-zerodep/3.3.4/docker-java-transport-zerodep-3.3.4.jar:/Users/federicosalvo/.m2/repository/com/github/docker-java/docker-java-transport/3.3.4/docker-java-transport-3.3.4.jar:/Users/federicosalvo/.m2/repository/net/java/dev/jna/jna/5.13.0/jna-5.13.0.jar:/Users/federicosalvo/.m2/repository/org/testcontainers/mssqlserver/1.19.5/mssqlserver-1.19.5.jar:/Users/federicosalvo/.m2/repository/org/testcontainers/mysql/1.19.5/mysql-1.19.5.jar:/Users/federicosalvo/.m2/repository/org/testcontainers/mariadb/1.19.5/mariadb-1.19.5.jar:/Users/federicosalvo/.m2/repository/org/springframework/spring-context/6.1.4/spring-context-6.1.4.jar:/Users/federicosalvo/.m2/repository/org/springframework/spring-test/6.1.4/spring-test-6.1.4.jar:/Users/federicosalvo/.m2/repository/com/cedarsoftware/java-util/1.68.0/java-util-1.68.0.jar:/Users/federicosalvo/.m2/repository/ch/qos/logback/logback-classic/1.4.14/logback-classic-1.4.14.jar:/Users/federicosalvo/.m2/repository/ch/qos/logback/logback-core/1.4.14/logback-core-1.4.14.jar:/Users/federicosalvo/.m2/repository/org/projectlombok/lombok/1.18.30/lombok-1.18.30.jar:/Users/federicosalvo/.m2/repository/org/flywaydb/flyway-core/9.22.3/flyway-core-9.22.3.jar:/Users/federicosalvo/.m2/repository/com/fasterxml/jackson/dataformat/jackson-dataformat-toml/2.15.4/jackson-dataformat-toml-2.15.4.jar:/Users/federicosalvo/.m2/repository/com/fasterxml/jackson/core/jackson-core/2.15.4/jackson-core-2.15.4.jar:/Users/federicosalvo/.m2/repository/com/google/code/gson/gson/2.10.1/gson-2.10.1.jar:/Users/federicosalvo/.m2/repository/org/springframework/boot/spring-boot-starter-test/3.2.3/spring-boot-starter-test-3.2.3.jar:/Users/federicosalvo/.m2/repository/org/springframework/boot/spring-boot-test/3.2.3/spring-boot-test-3.2.3.jar:/Users/federicosalvo/.m2/repository/org/springframework/boot/spring-boot-test-autoconfigure/3.2.3/spring-boot-test-autoconfigure-3.2.3.jar:/Users/federicosalvo/.m2/repository/com/jayway/jsonpath/json-path/2.9.0/json-path-2.9.0.jar:/Users/federicosalvo/.m2/repository/jakarta/xml/bind/jakarta.xml.bind-api/4.0.1/jakarta.xml.bind-api-4.0.1.jar:/Users/federicosalvo/.m2/repository/jakarta/activation/jakarta.activation-api/2.1.2/jakarta.activation-api-2.1.2.jar:/Users/federicosalvo/.m2/repository/net/minidev/json-smart/2.5.0/json-smart-2.5.0.jar:/Users/federicosalvo/.m2/repository/net/minidev/accessors-smart/2.5.0/accessors-smart-2.5.0.jar:/Users/federicosalvo/.m2/repository/org/ow2/asm/asm/9.3/asm-9.3.jar:/Users/federicosalvo/.m2/repository/org/assertj/assertj-core/3.24.2/assertj-core-3.24.2.jar:/Users/federicosalvo/.m2/repository/org/awaitility/awaitility/4.2.0/awaitility-4.2.0.jar:/Users/federicosalvo/.m2/repository/org/hamcrest/hamcrest/2.2/hamcrest-2.2.jar:/Users/federicosalvo/.m2/repository/org/junit/jupiter/junit-jupiter/5.10.2/junit-jupiter-5.10.2.jar:/Users/federicosalvo/.m2/repository/org/junit/jupiter/junit-jupiter-api/5.10.2/junit-jupiter-api-5.10.2.jar:/Users/federicosalvo/.m2/repository/org/opentest4j/opentest4j/1.3.0/opentest4j-1.3.0.jar:/Users/federicosalvo/.m2/repository/org/junit/platform/junit-platform-commons/1.10.2/junit-platform-commons-1.10.2.jar:/Users/federicosalvo/.m2/repository/org/apiguardian/apiguardian-api/1.1.2/apiguardian-api-1.1.2.jar:/Users/federicosalvo/.m2/repository/org/junit/jupiter/junit-jupiter-params/5.10.2/junit-jupiter-params-5.10.2.jar:/Users/federicosalvo/.m2/repository/org/junit/jupiter/junit-jupiter-engine/5.10.2/junit-jupiter-engine-5.10.2.jar:/Users/federicosalvo/.m2/repository/org/junit/platform/junit-platform-engine/1.10.2/junit-platform-engine-1.10.2.jar:/Users/federicosalvo/.m2/repository/org/mockito/mockito-core/5.7.0/mockito-core-5.7.0.jar:/Users/federicosalvo/.m2/repository/net/bytebuddy/byte-buddy-agent/1.14.12/byte-buddy-agent-1.14.12.jar:/Users/federicosalvo/.m2/repository/org/objenesis/objenesis/3.3/objenesis-3.3.jar:/Users/federicosalvo/.m2/repository/org/mockito/mockito-junit-jupiter/5.7.0/mockito-junit-jupiter-5.7.0.jar:/Users/federicosalvo/.m2/repository/org/skyscreamer/jsonassert/1.5.1/jsonassert-1.5.1.jar:/Users/federicosalvo/.m2/repository/com/vaadin/external/google/android-json/0.0.20131108.vaadin1/android-json-0.0.20131108.vaadin1.jar:/Users/federicosalvo/.m2/repository/org/springframework/spring-core/6.1.4/spring-core-6.1.4.jar:/Users/federicosalvo/.m2/repository/org/springframework/spring-jcl/6.1.4/spring-jcl-6.1.4.jar:/Users/federicosalvo/.m2/repository/org/xmlunit/xmlunit-core/2.9.1/xmlunit-core-2.9.1.jar:/Users/federicosalvo/.m2/repository/org/springframework/boot/spring-boot-autoconfigure/3.2.3/spring-boot-autoconfigure-3.2.3.jar:"/>
    <property name="sun.cpu.endian" value="little"/>
    <property name="user.home" value="/Users/federicosalvo"/>
    <property name="user.language" value="en"/>
    <property name="java.specification.vendor" value="Oracle Corporation"/>
    <property name="java.version.date" value="2024-01-16"/>
    <property name="java.home" value="/opt/homebrew/Cellar/openjdk/21.0.2/libexec/openjdk.jdk/Contents/Home"/>
    <property name="file.separator" value="/"/>
    <property name="basedir" value="/Users/federicosalvo/Desktop/WorkNest/worknest-service"/>
    <property name="java.vm.compressedOopsMode" value="Zero based"/>
    <property name="line.separator" value="&#10;"/>
    <property name="java.vm.specification.vendor" value="Oracle Corporation"/>
    <property name="java.specification.name" value="Java Platform API Specification"/>
    <property name="FILE_LOG_CHARSET" value="UTF-8"/>
    <property name="java.awt.headless" value="true"/>
    <property name="apple.awt.application.name" value="ForkedBooter"/>
    <property name="surefire.real.class.path" value="/Users/federicosalvo/Desktop/WorkNest/worknest-service/target/surefire/surefirebooter-20240329164749424_3.jar"/>
    <property name="sun.management.compiler" value="HotSpot 64-Bit Tiered Compilers"/>
    <property name="ftp.nonProxyHosts" value="local|*.local|169.254/16|*.169.254/16"/>
    <property name="java.runtime.version" value="21.0.2"/>
    <property name="user.name" value="federicosalvo"/>
    <property name="stdout.encoding" value="UTF-8"/>
    <property name="path.separator" value=":"/>
    <property name="os.version" value="14.4.1"/>
    <property name="java.runtime.name" value="OpenJDK Runtime Environment"/>
    <property name="file.encoding" value="UTF-8"/>
    <property name="java.vm.name" value="OpenJDK 64-Bit Server VM"/>
    <property name="java.vendor.version" value="Homebrew"/>
    <property name="localRepository" value="/Users/federicosalvo/.m2/repository"/>
    <property name="java.vendor.url.bug" value="https://github.com/Homebrew/homebrew-core/issues"/>
    <property name="java.io.tmpdir" value="/var/folders/qx/5yq8np7n0kz8kcpwx7lkfr0m0000gn/T/"/>
    <property name="catalina.home" value="/private/var/folders/qx/5yq8np7n0kz8kcpwx7lkfr0m0000gn/T/tomcat.0.175743453251568389"/>
    <property name="java.version" value="21.0.2"/>
    <property name="user.dir" value="/Users/federicosalvo/Desktop/WorkNest/worknest-service"/>
    <property name="os.arch" value="aarch64"/>
    <property name="java.vm.specification.name" value="Java Virtual Machine Specification"/>
    <property name="PID" value="6334"/>
    <property name="CONSOLE_LOG_CHARSET" value="UTF-8"/>
    <property name="catalina.base" value="/private/var/folders/qx/5yq8np7n0kz8kcpwx7lkfr0m0000gn/T/tomcat.0.6373436259946839025"/>
    <property name="native.encoding" value="UTF-8"/>
    <property name="java.library.path" value="/Users/federicosalvo/Library/Java/Extensions:/Library/Java/Extensions:/Network/Library/Java/Extensions:/System/Library/Java/Extensions:/usr/lib/java:."/>
    <property name="java.vm.info" value="mixed mode, sharing"/>
    <property name="stderr.encoding" value="UTF-8"/>
    <property name="java.vendor" value="Homebrew"/>
    <property name="java.vm.version" value="21.0.2"/>
    <property name="sun.io.unicode.encoding" value="UnicodeBig"/>
    <property name="socksNonProxyHosts" value="local|*.local|169.254/16|*.169.254/16"/>
    <property name="java.class.version" value="65.0"/>
  </properties>
  <testcase name="getUserById" classname="com.ams.worknest.UserControllerTest" time="0.415">
    <system-out><![CDATA[16:47:49.881 [main] INFO org.springframework.boot.devtools.restart.RestartApplicationListener -- Restart disabled due to context in which it is running

  .   ____          _            __ _ _
 /\\ / ___'_ __ _ _(_)_ __  __ _ \ \ \ \
( ( )\___ | '_ | '_| | '_ \/ _` | \ \ \ \
 \\/  ___)| |_)| | | | | || (_| |  ) ) ) )
  '  |____| .__|_| |_|_| |_\__, | / / / /
 =========|_|==============|___/=/_/_/_/
 :: Spring Boot ::                (v3.2.3)

2024-03-29T16:47:50.016+01:00  INFO 6334 --- [           main] com.ams.worknest.UserControllerTest      : Starting UserControllerTest using Java 21.0.2 with PID 6334 (started by federicosalvo in /Users/federicosalvo/Desktop/WorkNest/worknest-service)
2024-03-29T16:47:50.017+01:00  INFO 6334 --- [           main] com.ams.worknest.UserControllerTest      : The following 1 profile is active: "test"
2024-03-29T16:47:50.351+01:00  INFO 6334 --- [           main] .s.d.r.c.RepositoryConfigurationDelegate : Bootstrapping Spring Data JPA repositories in DEFAULT mode.
2024-03-29T16:47:50.392+01:00  INFO 6334 --- [           main] .s.d.r.c.RepositoryConfigurationDelegate : Finished Spring Data repository scanning in 38 ms. Found 1 JPA repository interface.
2024-03-29T16:47:50.485+01:00  INFO 6334 --- [           main] EmbeddedDatabaseContextCustomizerFactory : Replacing 'dataSource' DataSource bean with embedded version
2024-03-29T16:47:50.613+01:00  WARN 6334 --- [           main] trationDelegate$BeanPostProcessorChecker : Bean 'io.zonky.test.db.config.EmbeddedDatabaseAutoConfiguration' of type [io.zonky.test.db.config.EmbeddedDatabaseAutoConfiguration$$SpringCGLIB$$0] is not eligible for getting processed by all BeanPostProcessors (for example: not eligible for auto-proxying). The currently created BeanPostProcessor [flywayDatabaseExtension] is declared through a non-static factory method on that class; consider declaring it as static instead.
2024-03-29T16:47:50.739+01:00  INFO 6334 --- [           main] o.s.b.w.embedded.tomcat.TomcatWebServer  : Tomcat initialized with port 0 (http)
2024-03-29T16:47:50.747+01:00  INFO 6334 --- [           main] o.apache.catalina.core.StandardService   : Starting service [Tomcat]
2024-03-29T16:47:50.747+01:00  INFO 6334 --- [           main] o.apache.catalina.core.StandardEngine    : Starting Servlet engine: [Apache Tomcat/10.1.19]
2024-03-29T16:47:50.771+01:00  INFO 6334 --- [           main] o.a.c.c.C.[Tomcat].[localhost].[/]       : Initializing Spring embedded WebApplicationContext
2024-03-29T16:47:50.772+01:00  INFO 6334 --- [           main] w.s.c.ServletWebServerApplicationContext : Root WebApplicationContext: initialization completed in 750 ms
2024-03-29T16:47:50.881+01:00  INFO 6334 --- [  prefetching-1] org.testcontainers.images.PullPolicy     : Image pull policy will be performed by: DefaultPullPolicy()
2024-03-29T16:47:50.882+01:00  INFO 6334 --- [  prefetching-1] o.t.utility.ImageNameSubstitutor         : Image name substitution will be performed by: DefaultImageNameSubstitutor (composite of 'ConfigurationFileImageNameSubstitutor' and 'PrefixingImageNameSubstitutor')
2024-03-29T16:47:50.962+01:00  INFO 6334 --- [  prefetching-1] o.t.d.DockerClientProviderStrategy       : Loaded org.testcontainers.dockerclient.UnixSocketClientProviderStrategy from ~/.testcontainers.properties, will try it first
2024-03-29T16:47:51.096+01:00  INFO 6334 --- [  prefetching-1] o.t.d.DockerClientProviderStrategy       : Found Docker environment with local Unix socket (unix:///var/run/docker.sock)
2024-03-29T16:47:51.097+01:00  INFO 6334 --- [  prefetching-1] org.testcontainers.DockerClientFactory   : Docker host IP address is localhost
2024-03-29T16:47:51.111+01:00  INFO 6334 --- [  prefetching-1] org.testcontainers.DockerClientFactory   : Connected to docker: 
  Server Version: 25.0.3
  API Version: 1.44
  Operating System: Docker Desktop
  Total Memory: 3923 MB
2024-03-29T16:47:51.124+01:00  INFO 6334 --- [  prefetching-1] tc.testcontainers/ryuk:0.6.0             : Creating container for image: testcontainers/ryuk:0.6.0
2024-03-29T16:47:51.271+01:00  INFO 6334 --- [  prefetching-1] o.t.utility.RegistryAuthLocator          : Credential helper/store (docker-credential-desktop) does not have credentials for https://index.docker.io/v1/
2024-03-29T16:47:51.351+01:00  INFO 6334 --- [  prefetching-1] tc.testcontainers/ryuk:0.6.0             : Container testcontainers/ryuk:0.6.0 is starting: b2b5309404d723e43e310673b85a691036256ee21124f0c5279dcc66741c8902
2024-03-29T16:47:51.574+01:00  INFO 6334 --- [  prefetching-1] tc.testcontainers/ryuk:0.6.0             : Container testcontainers/ryuk:0.6.0 started in PT0.449926S
2024-03-29T16:47:51.582+01:00  INFO 6334 --- [  prefetching-1] o.t.utility.RyukResourceReaper           : Ryuk started - will monitor and terminate Testcontainers containers on JVM exit
2024-03-29T16:47:51.582+01:00  INFO 6334 --- [  prefetching-1] org.testcontainers.DockerClientFactory   : Checking the system...
2024-03-29T16:47:51.582+01:00  INFO 6334 --- [  prefetching-1] org.testcontainers.DockerClientFactory   : ✔︎ Docker server version should be at least 1.6.0
2024-03-29T16:47:51.583+01:00  INFO 6334 --- [  prefetching-1] tc.postgres:11-alpine                    : Creating container for image: postgres:11-alpine
2024-03-29T16:47:51.606+01:00  INFO 6334 --- [  prefetching-1] tc.postgres:11-alpine                    : Container postgres:11-alpine is starting: d6eab5540b32a0774b9b33ee95cc23184e17230281e7365d75529d970031402d
2024-03-29T16:47:52.524+01:00  INFO 6334 --- [  prefetching-1] tc.postgres:11-alpine                    : Container postgres:11-alpine started in PT0.941151S
2024-03-29T16:47:52.526+01:00  INFO 6334 --- [  prefetching-1] tc.postgres:11-alpine                    : Container is started (JDBC URL: jdbc:postgresql://localhost:51956/test?loggerLevel=OFF)
2024-03-29T16:47:52.533+01:00  INFO 6334 --- [ream-1585574085] z.t.d.p.p.DockerPostgresDatabaseProvider : STDOUT: The files belonging to this database system will be owned by user "postgres".
2024-03-29T16:47:52.534+01:00  INFO 6334 --- [ream-1585574085] z.t.d.p.p.DockerPostgresDatabaseProvider : STDOUT: This user must also own the server process.
2024-03-29T16:47:52.534+01:00  INFO 6334 --- [ream-1585574085] z.t.d.p.p.DockerPostgresDatabaseProvider : STDOUT: 
2024-03-29T16:47:52.534+01:00  INFO 6334 --- [ream-1585574085] z.t.d.p.p.DockerPostgresDatabaseProvider : STDOUT: The database cluster will be initialized with locale "en_US.utf8".
2024-03-29T16:47:52.534+01:00  INFO 6334 --- [ream-1585574085] z.t.d.p.p.DockerPostgresDatabaseProvider : STDOUT: The default database encoding has accordingly been set to "UTF8".
2024-03-29T16:47:52.534+01:00  INFO 6334 --- [ream-1585574085] z.t.d.p.p.DockerPostgresDatabaseProvider : STDOUT: The default text search configuration will be set to "english".
2024-03-29T16:47:52.534+01:00  INFO 6334 --- [ream-1585574085] z.t.d.p.p.DockerPostgresDatabaseProvider : STDOUT: 
2024-03-29T16:47:52.534+01:00  INFO 6334 --- [ream-1585574085] z.t.d.p.p.DockerPostgresDatabaseProvider : STDOUT: Data page checksums are disabled.
2024-03-29T16:47:52.534+01:00  INFO 6334 --- [ream-1585574085] z.t.d.p.p.DockerPostgresDatabaseProvider : STDOUT: 
2024-03-29T16:47:52.534+01:00  INFO 6334 --- [ream-1585574085] z.t.d.p.p.DockerPostgresDatabaseProvider : STDOUT: fixing permissions on existing directory /var/lib/postgresql/data ... ok
2024-03-29T16:47:52.535+01:00  INFO 6334 --- [ream-1585574085] z.t.d.p.p.DockerPostgresDatabaseProvider : STDOUT: creating subdirectories ... ok
2024-03-29T16:47:52.535+01:00  INFO 6334 --- [ream-1585574085] z.t.d.p.p.DockerPostgresDatabaseProvider : STDOUT: selecting default max_connections ... 100
2024-03-29T16:47:52.535+01:00  INFO 6334 --- [ream-1585574085] z.t.d.p.p.DockerPostgresDatabaseProvider : STDOUT: selecting default shared_buffers ... 128MB
2024-03-29T16:47:52.535+01:00  INFO 6334 --- [ream-1585574085] z.t.d.p.p.DockerPostgresDatabaseProvider : STDOUT: selecting default timezone ... UTC
2024-03-29T16:47:52.535+01:00  INFO 6334 --- [ream-1585574085] z.t.d.p.p.DockerPostgresDatabaseProvider : STDOUT: selecting dynamic shared memory implementation ... posix
2024-03-29T16:47:52.535+01:00  INFO 6334 --- [ream-1585574085] z.t.d.p.p.DockerPostgresDatabaseProvider : STDOUT: creating configuration files ... ok
2024-03-29T16:47:52.535+01:00  INFO 6334 --- [ream-1585574085] z.t.d.p.p.DockerPostgresDatabaseProvider : STDOUT: running bootstrap script ... ok
2024-03-29T16:47:52.535+01:00  INFO 6334 --- [ream-1585574085] z.t.d.p.p.DockerPostgresDatabaseProvider : STDERR: sh: locale: not found
2024-03-29T16:47:52.535+01:00  INFO 6334 --- [ream-1585574085] z.t.d.p.p.DockerPostgresDatabaseProvider : STDERR: 2024-03-29 15:47:51.907 UTC [30] WARNING:  no usable system locales were found
2024-03-29T16:47:52.536+01:00  INFO 6334 --- [ream-1585574085] z.t.d.p.p.DockerPostgresDatabaseProvider : STDOUT: performing post-bootstrap initialization ... ok
2024-03-29T16:47:52.536+01:00  INFO 6334 --- [ream-1585574085] z.t.d.p.p.DockerPostgresDatabaseProvider : STDOUT: 
2024-03-29T16:47:52.536+01:00  INFO 6334 --- [ream-1585574085] z.t.d.p.p.DockerPostgresDatabaseProvider : STDOUT: Sync to disk skipped.
2024-03-29T16:47:52.536+01:00  INFO 6334 --- [ream-1585574085] z.t.d.p.p.DockerPostgresDatabaseProvider : STDOUT: The data directory might become corrupt if the operating system crashes.
2024-03-29T16:47:52.536+01:00  INFO 6334 --- [ream-1585574085] z.t.d.p.p.DockerPostgresDatabaseProvider : STDOUT: 
2024-03-29T16:47:52.536+01:00  INFO 6334 --- [ream-1585574085] z.t.d.p.p.DockerPostgresDatabaseProvider : STDOUT: Success. You can now start the database server using:
2024-03-29T16:47:52.536+01:00  INFO 6334 --- [ream-1585574085] z.t.d.p.p.DockerPostgresDatabaseProvider : STDOUT: 
2024-03-29T16:47:52.536+01:00  INFO 6334 --- [ream-1585574085] z.t.d.p.p.DockerPostgresDatabaseProvider : STDOUT:     pg_ctl -D /var/lib/postgresql/data -l logfile start
2024-03-29T16:47:52.537+01:00  INFO 6334 --- [ream-1585574085] z.t.d.p.p.DockerPostgresDatabaseProvider : STDOUT: 
2024-03-29T16:47:52.537+01:00  INFO 6334 --- [ream-1585574085] z.t.d.p.p.DockerPostgresDatabaseProvider : STDERR: 
2024-03-29T16:47:52.537+01:00  INFO 6334 --- [ream-1585574085] z.t.d.p.p.DockerPostgresDatabaseProvider : STDERR: WARNING: enabling "trust" authentication for local connections
2024-03-29T16:47:52.537+01:00  INFO 6334 --- [ream-1585574085] z.t.d.p.p.DockerPostgresDatabaseProvider : STDERR: You can change this by editing pg_hba.conf or using the option -A, or
2024-03-29T16:47:52.537+01:00  INFO 6334 --- [ream-1585574085] z.t.d.p.p.DockerPostgresDatabaseProvider : STDERR: --auth-local and --auth-host, the next time you run initdb.
2024-03-29T16:47:52.537+01:00  INFO 6334 --- [ream-1585574085] z.t.d.p.p.DockerPostgresDatabaseProvider : STDOUT: waiting for server to start....2024-03-29 15:47:52.057 UTC [36] LOG:  listening on Unix socket "/var/run/postgresql/.s.PGSQL.5432"
2024-03-29T16:47:52.537+01:00  INFO 6334 --- [ream-1585574085] z.t.d.p.p.DockerPostgresDatabaseProvider : STDOUT: 2024-03-29 15:47:52.061 UTC [37] LOG:  database system was shut down at 2024-03-29 15:47:52 UTC
2024-03-29T16:47:52.537+01:00  INFO 6334 --- [ream-1585574085] z.t.d.p.p.DockerPostgresDatabaseProvider : STDOUT: 2024-03-29 15:47:52.063 UTC [36] LOG:  database system is ready to accept connections
2024-03-29T16:47:52.538+01:00  INFO 6334 --- [ream-1585574085] z.t.d.p.p.DockerPostgresDatabaseProvider : STDOUT:  done
2024-03-29T16:47:52.538+01:00  INFO 6334 --- [ream-1585574085] z.t.d.p.p.DockerPostgresDatabaseProvider : STDOUT: server started
2024-03-29T16:47:52.538+01:00  INFO 6334 --- [ream-1585574085] z.t.d.p.p.DockerPostgresDatabaseProvider : STDOUT: CREATE DATABASE
2024-03-29T16:47:52.538+01:00  INFO 6334 --- [ream-1585574085] z.t.d.p.p.DockerPostgresDatabaseProvider : STDOUT: 
2024-03-29T16:47:52.538+01:00  INFO 6334 --- [ream-1585574085] z.t.d.p.p.DockerPostgresDatabaseProvider : STDOUT: 
2024-03-29T16:47:52.538+01:00  INFO 6334 --- [ream-1585574085] z.t.d.p.p.DockerPostgresDatabaseProvider : STDOUT: /usr/local/bin/docker-entrypoint.sh: ignoring /docker-entrypoint-initdb.d/*
2024-03-29T16:47:52.538+01:00  INFO 6334 --- [ream-1585574085] z.t.d.p.p.DockerPostgresDatabaseProvider : STDOUT: 
2024-03-29T16:47:52.538+01:00  INFO 6334 --- [ream-1585574085] z.t.d.p.p.DockerPostgresDatabaseProvider : STDOUT: waiting for server to shut down....2024-03-29 15:47:52.386 UTC [36] LOG:  received fast shutdown request
2024-03-29T16:47:52.538+01:00  INFO 6334 --- [ream-1585574085] z.t.d.p.p.DockerPostgresDatabaseProvider : STDOUT: 2024-03-29 15:47:52.386 UTC [36] LOG:  aborting any active transactions
2024-03-29T16:47:52.539+01:00  INFO 6334 --- [ream-1585574085] z.t.d.p.p.DockerPostgresDatabaseProvider : STDOUT: 2024-03-29 15:47:52.387 UTC [36] LOG:  background worker "logical replication launcher" (PID 43) exited with exit code 1
2024-03-29T16:47:52.539+01:00  INFO 6334 --- [ream-1585574085] z.t.d.p.p.DockerPostgresDatabaseProvider : STDOUT: 2024-03-29 15:47:52.387 UTC [38] LOG:  shutting down
2024-03-29T16:47:52.539+01:00  INFO 6334 --- [ream-1585574085] z.t.d.p.p.DockerPostgresDatabaseProvider : STDOUT: 2024-03-29 15:47:52.390 UTC [36] LOG:  database system is shut down
2024-03-29T16:47:52.539+01:00  INFO 6334 --- [ream-1585574085] z.t.d.p.p.DockerPostgresDatabaseProvider : STDOUT:  done
2024-03-29T16:47:52.539+01:00  INFO 6334 --- [ream-1585574085] z.t.d.p.p.DockerPostgresDatabaseProvider : STDOUT: server stopped
2024-03-29T16:47:52.539+01:00  INFO 6334 --- [ream-1585574085] z.t.d.p.p.DockerPostgresDatabaseProvider : STDOUT: 
2024-03-29T16:47:52.539+01:00  INFO 6334 --- [ream-1585574085] z.t.d.p.p.DockerPostgresDatabaseProvider : STDOUT: PostgreSQL init process complete; ready for start up.
2024-03-29T16:47:52.539+01:00  INFO 6334 --- [ream-1585574085] z.t.d.p.p.DockerPostgresDatabaseProvider : STDOUT: 
2024-03-29T16:47:52.539+01:00  INFO 6334 --- [ream-1585574085] z.t.d.p.p.DockerPostgresDatabaseProvider : STDERR: 2024-03-29 15:47:52.498 UTC [1] LOG:  listening on IPv4 address "0.0.0.0", port 5432
2024-03-29T16:47:52.539+01:00  INFO 6334 --- [ream-1585574085] z.t.d.p.p.DockerPostgresDatabaseProvider : STDERR: 2024-03-29 15:47:52.498 UTC [1] LOG:  listening on IPv6 address "::", port 5432
2024-03-29T16:47:52.540+01:00  INFO 6334 --- [ream-1585574085] z.t.d.p.p.DockerPostgresDatabaseProvider : STDERR: 2024-03-29 15:47:52.498 UTC [1] LOG:  listening on Unix socket "/var/run/postgresql/.s.PGSQL.5432"
2024-03-29T16:47:52.540+01:00  INFO 6334 --- [ream-1585574085] z.t.d.p.p.DockerPostgresDatabaseProvider : STDERR: 2024-03-29 15:47:52.507 UTC [51] LOG:  database system was shut down at 2024-03-29 15:47:52 UTC
2024-03-29T16:47:52.540+01:00  INFO 6334 --- [ream-1585574085] z.t.d.p.p.DockerPostgresDatabaseProvider : STDERR: 2024-03-29 15:47:52.512 UTC [1] LOG:  database system is ready to accept connections
2024-03-29T16:47:53.414+01:00  INFO 6334 --- [  prefetching-2] o.f.c.internal.license.VersionPrinter    : Flyway Community Edition 9.22.3 by Redgate
2024-03-29T16:47:53.415+01:00  INFO 6334 --- [  prefetching-2] o.f.c.internal.license.VersionPrinter    : See release notes here: https://rd.gt/416ObMi
2024-03-29T16:47:53.415+01:00  INFO 6334 --- [  prefetching-2] o.f.c.internal.license.VersionPrinter    : 
2024-03-29T16:47:53.424+01:00  INFO 6334 --- [  prefetching-2] org.flywaydb.core.FlywayExecutor         : Database: jdbc:postgresql://localhost:51956/elsdjbzcyhiv (PostgreSQL 11.22)
2024-03-29T16:47:53.446+01:00  INFO 6334 --- [  prefetching-2] o.f.c.i.s.JdbcTableSchemaHistory         : Schema history table "public"."flyway_schema_history" does not exist yet
2024-03-29T16:47:53.447+01:00  INFO 6334 --- [  prefetching-2] o.f.core.internal.command.DbValidate     : Successfully validated 1 migration (execution time 00:00.005s)
2024-03-29T16:47:53.453+01:00  INFO 6334 --- [  prefetching-2] o.f.c.i.s.JdbcTableSchemaHistory         : Creating Schema History table "public"."flyway_schema_history" ...
2024-03-29T16:47:53.471+01:00  INFO 6334 --- [  prefetching-2] o.f.core.internal.command.DbMigrate      : Current version of schema "public": << Empty Schema >>
2024-03-29T16:47:53.482+01:00  INFO 6334 --- [  prefetching-2] o.f.core.internal.command.DbMigrate      : Migrating schema "public" to version "1.1 - create tables"
2024-03-29T16:47:53.508+01:00  INFO 6334 --- [  prefetching-2] o.f.core.internal.command.DbMigrate      : Successfully applied 1 migration to schema "public", now at version v1.1 (execution time 00:00.016s)
2024-03-29T16:47:53.783+01:00  INFO 6334 --- [           main] o.hibernate.jpa.internal.util.LogHelper  : HHH000204: Processing PersistenceUnitInfo [name: default]
2024-03-29T16:47:53.814+01:00  INFO 6334 --- [           main] org.hibernate.Version                    : HHH000412: Hibernate ORM core version 6.4.4.Final
2024-03-29T16:47:53.831+01:00  INFO 6334 --- [           main] o.h.c.internal.RegionFactoryInitiator    : HHH000026: Second-level cache disabled
2024-03-29T16:47:53.927+01:00  INFO 6334 --- [           main] o.s.o.j.p.SpringPersistenceUnitInfo      : No LoadTimeWeaver setup: ignoring JPA class transformer
2024-03-29T16:47:53.972+01:00  WARN 6334 --- [           main] org.hibernate.dialect.Dialect            : HHH000511: The 11.22.0 version for [org.hibernate.dialect.PostgreSQLDialect] is no longer supported, hence certain features may not work properly. The minimum supported version is 12.0.0. Check the community dialects project for available legacy versions.
2024-03-29T16:47:54.294+01:00  INFO 6334 --- [           main] o.h.e.t.j.p.i.JtaPlatformInitiator       : HHH000489: No JTA platform available (set 'hibernate.transaction.jta.platform' to enable JTA platform integration)
2024-03-29T16:47:54.295+01:00  INFO 6334 --- [           main] j.LocalContainerEntityManagerFactoryBean : Initialized JPA EntityManagerFactory for persistence unit 'default'
2024-03-29T16:47:54.398+01:00  WARN 6334 --- [           main] JpaBaseConfiguration$JpaWebConfiguration : spring.jpa.open-in-view is enabled by default. Therefore, database queries may be performed during view rendering. Explicitly configure spring.jpa.open-in-view to disable this warning
2024-03-29T16:47:54.536+01:00  INFO 6334 --- [           main] o.a.c.c.C.[Tomcat].[localhost].[/]       : Initializing Spring TestDispatcherServlet ''
2024-03-29T16:47:54.536+01:00  INFO 6334 --- [           main] o.s.t.web.servlet.TestDispatcherServlet  : Initializing Servlet ''
2024-03-29T16:47:54.536+01:00  INFO 6334 --- [           main] o.s.t.web.servlet.TestDispatcherServlet  : Completed initialization in 0 ms
2024-03-29T16:47:54.557+01:00  INFO 6334 --- [           main] o.s.b.w.embedded.tomcat.TomcatWebServer  : Tomcat started on port 51970 (http) with context path ''
2024-03-29T16:47:54.564+01:00  INFO 6334 --- [           main] com.ams.worknest.UserControllerTest      : Started UserControllerTest in 4.688 seconds (process running for 5.106)
2024-03-29T16:47:54.857+01:00  INFO 6334 --- [           main] i.z.t.d.l.EmbeddedDatabaseReporter       : JDBC URL to connect to 'dataSource': url='jdbc:postgresql://localhost:51956/ikepwcfgvcux?user=postgres&password=docker', scope='UserControllerTest#getUserById'
2024-03-29T16:47:54.911+01:00  INFO 6334 --- [           main] c.a.worknest.controllers.UserController  : GET | /users/c7d643f5-e2ef-4039-a2d0-02a57eda5bb6
2024-03-29T16:47:54.981+01:00  INFO 6334 --- [           main] j.LocalContainerEntityManagerFactoryBean : Closing JPA EntityManagerFactory for persistence unit 'default'
]]></system-out>
    <system-err><![CDATA[WARNING: A Java agent has been loaded dynamically (/Users/federicosalvo/.m2/repository/net/bytebuddy/byte-buddy-agent/1.14.12/byte-buddy-agent-1.14.12.jar)
WARNING: If a serviceability tool is in use, please run with -XX:+EnableDynamicAgentLoading to hide this warning
WARNING: If a serviceability tool is not in use, please run with -Djdk.instrument.traceUsage for more information
WARNING: Dynamic loading of agents will be disallowed by default in a future release
]]></system-err>
  </testcase>
</testsuite>